<?xml version="1.0" encoding="UTF-8"?>
<!-- Generated by org.testng.reporters.JUnitReportReporter -->
<testsuite hostname="fv-az36-733" failures="0" tests="2" name="runner.TestRunner" time="11.423" errors="0" timestamp="2021-05-14T10:42:26 UTC" skipped="0">
  <testcase classname="runner.TestRunner" name="runScenario" time="10.249"/>
  <system-out/>
  <testcase classname="runner.TestRunner" name="runScenario" time="1.174"/>
  <system-out/>
</testsuite> <!-- runner.TestRunner -->
